2024-06-11 01:04:47,745 : INFO : Start of Prediction
2024-06-11 01:04:47,745 : INFO : run_id:2024-06-11_010447_919819704
2024-06-11 01:04:47,746 : INFO : Start of Data Load, validation and transformation
2024-06-11 01:04:47,746 : INFO : Start of Archiving Old Rejected Files...
2024-06-11 01:04:47,746 : INFO : End of Archiving Old Rejected Files...
2024-06-11 01:04:47,746 : INFO : Start of Archiving Old Validated Files...
2024-06-11 01:04:47,750 : INFO : End of Archiving Old Validated Files...
2024-06-11 01:04:47,750 : INFO : Start of Archiving Old Processed Files...
2024-06-11 01:04:47,750 : INFO : End of Archiving Old Processed Files...
2024-06-11 01:04:47,751 : INFO : Start of Archiving Old Result Files...
2024-06-11 01:04:47,751 : INFO : End of Archiving Old Result Files...
2024-06-11 01:04:47,751 : INFO : Start of Reading values From Schema...
2024-06-11 01:04:47,751 : INFO : End of Reading values From Schema...
2024-06-11 01:04:47,751 : INFO : Start of Validating Column Length...
2024-06-11 01:04:47,751 : INFO : End of Validating Column Length...
2024-06-11 01:04:47,751 : INFO : Start of Validating Missing Values...
2024-06-11 01:04:47,752 : INFO : End of Validating Missing Values...
2024-06-11 01:04:47,752 : INFO : Start of Replacing Missing Values with NULL...
2024-06-11 01:04:47,752 : INFO : End of Replacing Missing Values with NULL...
2024-06-11 01:04:47,752 : INFO : Start of Creating Table...
2024-06-11 01:04:47,753 : INFO : Opened prediction database successfully
2024-06-11 01:04:47,767 : INFO : CREATE TABLE prediction_raw_data_t column_name
2024-06-11 01:04:47,773 : INFO : ALTER TABLE prediction_raw_data_t ADD COLUMN
2024-06-11 01:04:47,779 : INFO : ALTER TABLE prediction_raw_data_t ADD COLUMN
2024-06-11 01:04:47,787 : INFO : ALTER TABLE prediction_raw_data_t ADD COLUMN
2024-06-11 01:04:47,796 : INFO : ALTER TABLE prediction_raw_data_t ADD COLUMN
2024-06-11 01:04:47,803 : INFO : ALTER TABLE prediction_raw_data_t ADD COLUMN
2024-06-11 01:04:47,809 : INFO : ALTER TABLE prediction_raw_data_t ADD COLUMN
2024-06-11 01:04:47,816 : INFO : ALTER TABLE prediction_raw_data_t ADD COLUMN
2024-06-11 01:04:47,823 : INFO : ALTER TABLE prediction_raw_data_t ADD COLUMN
2024-06-11 01:04:47,823 : INFO : End of Creating Table...
2024-06-11 01:04:47,825 : INFO : Opened prediction database successfully
2024-06-11 01:04:47,826 : INFO : Start of Inserting Data into Table...
2024-06-11 01:04:47,826 : INFO : End of Inserting Data into Table...
2024-06-11 01:04:47,826 : INFO : Start of Exporting Data into CSV...
2024-06-11 01:04:47,827 : INFO : Opened prediction database successfully
2024-06-11 01:04:47,828 : INFO : End of Exporting Data into CSV...
2024-06-11 01:04:47,829 : INFO : Start of Moving Processed Files...
2024-06-11 01:04:47,829 : INFO : End of Moving Processed Files...
2024-06-11 01:04:47,829 : INFO : End of Data Load, validation and transformation
2024-06-11 01:04:47,829 : INFO : Start of Preprocessing...
2024-06-11 01:04:47,829 : INFO : Start of reading dataset...
2024-06-11 01:04:47,834 : INFO : End of reading dataset...
2024-06-11 01:04:47,834 : INFO : Start of feature encoding...
2024-06-11 01:04:47,847 : INFO : End of feature encoding...
2024-06-11 01:04:47,848 : INFO : Start of Droping Columns...
2024-06-11 01:04:47,848 : INFO : End of Droping Columns...
2024-06-11 01:04:47,848 : INFO : Start of finding missing values...
2024-06-11 01:04:47,849 : INFO : End of finding missing values...
2024-06-11 01:04:47,849 : INFO : Start of building final predictset...
2024-06-11 01:04:47,849 : ERROR : Exception raised while building final predictset: [Errno 2] No such file or directory: 'apps/database/columns.json'
Traceback (most recent call last):
  File "C:\Users\patel\Desktop\projects\ML End to End\Employee Retention\v11\apps\preprocess\preprocessor.py", line 206, in final_predictset
    with open('apps/database/columns.json', 'r') as f:
FileNotFoundError: [Errno 2] No such file or directory: 'apps/database/columns.json'
2024-06-11 01:04:47,849 : ERROR : Unsuccessful End of Preprocessing...
Traceback (most recent call last):
  File "C:\Users\patel\Desktop\projects\ML End to End\Employee Retention\v11\apps\preprocess\preprocessor.py", line 292, in preprocess_predictset
    data = self.final_predictset(data)
  File "C:\Users\patel\Desktop\projects\ML End to End\Employee Retention\v11\apps\preprocess\preprocessor.py", line 222, in final_predictset
    raise e
  File "C:\Users\patel\Desktop\projects\ML End to End\Employee Retention\v11\apps\preprocess\preprocessor.py", line 206, in final_predictset
    with open('apps/database/columns.json', 'r') as f:
FileNotFoundError: [Errno 2] No such file or directory: 'apps/database/columns.json'
2024-06-11 01:04:47,849 : ERROR : Unsuccessful End of Prediction
Traceback (most recent call last):
  File "C:\Users\patel\Desktop\projects\ML End to End\Employee Retention\v11\apps\preprocess\preprocessor.py", line 292, in preprocess_predictset
    data = self.final_predictset(data)
  File "C:\Users\patel\Desktop\projects\ML End to End\Employee Retention\v11\apps\preprocess\preprocessor.py", line 222, in final_predictset
    raise e
  File "C:\Users\patel\Desktop\projects\ML End to End\Employee Retention\v11\apps\preprocess\preprocessor.py", line 206, in final_predictset
    with open('apps/database/columns.json', 'r') as f:
FileNotFoundError: [Errno 2] No such file or directory: 'apps/database/columns.json'

During handling of the above exception, another exception occurred:

Traceback (most recent call last):
  File "C:\Users\patel\Desktop\projects\ML End to End\Employee Retention\v11\apps\prediction\predict_model.py", line 56, in batch_predict_from_model
    self.X = self.preProcess.preprocess_predictset()
  File "C:\Users\patel\Desktop\projects\ML End to End\Employee Retention\v11\apps\preprocess\preprocessor.py", line 297, in preprocess_predictset
    raise Exception
Exception
